#
# There is insufficient memory for the Java Runtime Environment to continue.
# Native memory allocation (malloc) failed to allocate 32744 bytes for ChunkPool::allocate
# Possible reasons:
#   The system is out of physical RAM or swap space
#   In 32 bit mode, the process size limit was hit
# Possible solutions:
#   Reduce memory load on the system
#   Increase physical memory or swap space
#   Check if swap backing store is full
#   Use 64 bit Java on a 64 bit OS
#   Decrease Java heap size (-Xmx/-Xms)
#   Decrease number of Java threads
#   Decrease Java thread stack sizes (-Xss)
#   Set larger code cache with -XX:ReservedCodeCacheSize=
# This output file may be truncated or incomplete.
#
#  Out of Memory Error (allocation.cpp:273), pid=17180, tid=0x0000000000004218
#
# JRE version: Java(TM) SE Runtime Environment (8.0_101-b13) (build 1.8.0_101-b13)
# Java VM: Java HotSpot(TM) 64-Bit Server VM (25.101-b13 mixed mode windows-amd64 compressed oops)
# Failed to write core dump. Minidumps are not enabled by default on client versions of Windows
#

---------------  T H R E A D  ---------------

Current thread (0x00000000163cc800):  JavaThread "C1 CompilerThread2" daemon [_thread_in_native, id=16920, stack(0x00000000168c0000,0x00000000169c0000)]

Stack: [0x00000000168c0000,0x00000000169c0000]
[error occurred during error reporting (printing stack bounds), id 0xc0000005]

Native frames: (J=compiled Java code, j=interpreted, Vv=VM code, C=native code)


Current CompileTask:
C1:    379  136       3       jdk.internal.org.objectweb.asm.Frame::execute (2252 bytes)


---------------  P R O C E S S  ---------------

Java Threads: ( => current thread )
  0x000000001644b000 JavaThread "Service Thread" daemon [_thread_blocked, id=16984, stack(0x00000000169c0000,0x0000000016ac0000)]
=>0x00000000163cc800 JavaThread "C1 CompilerThread2" daemon [_thread_in_native, id=16920, stack(0x00000000168c0000,0x00000000169c0000)]
  0x0000000014dbe000 JavaThread "C2 CompilerThread1" daemon [_thread_blocked, id=16836, stack(0x00000000167c0000,0x00000000168c0000)]
  0x0000000014dbb000 JavaThread "C2 CompilerThread0" daemon [_thread_blocked, id=16744, stack(0x00000000162c0000,0x00000000163c0000)]
  0x0000000014db9800 JavaThread "Attach Listener" daemon [_thread_blocked, id=5276, stack(0x00000000161c0000,0x00000000162c0000)]
  0x0000000014d6b000 JavaThread "Signal Dispatcher" daemon [_thread_blocked, id=13264, stack(0x00000000160c0000,0x00000000161c0000)]
  0x0000000014d4a000 JavaThread "Finalizer" daemon [_thread_blocked, id=17084, stack(0x0000000015fc0000,0x00000000160c0000)]
  0x000000000275f000 JavaThread "Reference Handler" daemon [_thread_blocked, id=16916, stack(0x0000000015ec0000,0x0000000015fc0000)]
  0x0000000002670800 JavaThread "main" [_thread_in_Java, id=17240, stack(0x0000000000ac0000,0x0000000000bc0000)]

Other Threads:
  0x0000000014d27800 VMThread [stack: 0x0000000015dc0000,0x0000000015ec0000] [id=17000]
  0x000000001648a800 WatcherThread [stack: 0x0000000016ac0000,0x0000000016bc0000] [id=16748]

VM state:not at safepoint (normal execution)

VM Mutex/Monitor currently owned by a thread: None

Heap:
 PSYoungGen      total 18944K, used 1966K [0x00000000eb300000, 0x00000000ec800000, 0x0000000100000000)
  eden space 16384K, 12% used [0x00000000eb300000,0x00000000eb4ebac8,0x00000000ec300000)
  from space 2560K, 0% used [0x00000000ec580000,0x00000000ec580000,0x00000000ec800000)
  to   space 2560K, 0% used [0x00000000ec300000,0x00000000ec300000,0x00000000ec580000)
 ParOldGen       total 44032K, used 0K [0x00000000c1800000, 0x00000000c4300000, 0x00000000eb300000)
  object space 44032K, 0% used [0x00000000c1800000,0x00000000c1800000,0x00000000c4300000)
 Metaspace       used 4044K, capacity 4678K, committed 4992K, reserved 1056768K
  class space    used 466K, capacity 532K, committed 640K, reserved 1048576K

Card table byte_map: [0x0000000011b30000,0x0000000011d30000] byte_map_base: 0x0000000011524000

Marking Bits: (ParMarkBitMap*) 0x000000005bf5a6d0
 Begin Bits: [0x0000000012280000, 0x0000000013220000)
 End Bits:   [0x0000000013220000, 0x00000000141c0000)

Polling page: 0x00000000005f0000

CodeCache: size=245760Kb used=1289Kb max_used=1295Kb free=244471Kb
 bounds [0x0000000002770000, 0x00000000029e0000, 0x0000000011770000]
 total_blobs=411 nmethods=146 adapters=178
 compilation: enabled

Compilation events (10 events):
Event: 0.372 Thread 0x00000000163cc800  132       1       java.lang.invoke.LambdaForm$Name::access$000 (5 bytes)
Event: 0.372 Thread 0x00000000163cc800 nmethod 132 0x00000000028b0450 code [0x00000000028b05a0, 0x00000000028b0690]
Event: 0.372 Thread 0x00000000163cc800  133       1       java.lang.invoke.LambdaForm$BasicType::basicTypeChar (5 bytes)
Event: 0.372 Thread 0x00000000163cc800 nmethod 133 0x00000000028b0710 code [0x00000000028b0860, 0x00000000028b0970]
Event: 0.372 Thread 0x00000000163cc800  134       1       java.lang.invoke.LambdaForm$BasicType::access$100 (5 bytes)
Event: 0.372 Thread 0x00000000163cc800 nmethod 134 0x00000000028b1ed0 code [0x00000000028b2020, 0x00000000028b2110]
Event: 0.372 Thread 0x00000000163cc800  135       1       java.lang.invoke.LambdaForm$BasicType::basicTypeClass (5 bytes)
Event: 0.373 Thread 0x00000000163cc800 nmethod 135 0x00000000028b3a10 code [0x00000000028b3b60, 0x00000000028b3c70]
Event: 0.373 Thread 0x0000000014dbb000 nmethod 124 0x00000000028b3cd0 code [0x00000000028b3e00, 0x00000000028b3f58]
Event: 0.373 Thread 0x00000000163cc800  136       3       jdk.internal.org.objectweb.asm.Frame::execute (2252 bytes)

GC Heap History (0 events):
No events

Deoptimization events (0 events):
No events

Internal exceptions (7 events):
Event: 0.072 Thread 0x0000000002670800 Exception <a 'java/lang/NoSuchMethodError': Method sun.misc.Unsafe.defineClass(Ljava/lang/String;[BII)Ljava/lang/Class; name or signature does not match> (0x00000000eb307cc0) thrown at [C:\re\workspace\8-2-build-windows-amd64-cygwin\jdk8u101\7261\hotspot\sŸlÛ{‰U≤?
Event: 0.072 Thread 0x0000000002670800 Exception <a 'java/lang/NoSuchMethodError': Method sun.misc.Unsafe.prefetchRead(Ljava/lang/Object;J)V name or signature does not match> (0x00000000eb307fa8) thrown at [C:\re\workspace\8-2-build-windows-amd64-cygwin\jdk8u101\7261\hotspot\src\share\vm\prims\{gOèø—?
Event: 0.277 Thread 0x0000000002670800 Exception <a 'java/security/PrivilegedActionException'> (0x00000000eb4213e8) thrown at [C:\re\workspace\8-2-build-windows-amd64-cygwin\jdk8u101\7261\hotspot\src\share\vm\prims\jvm.cpp, line 1386]
Event: 0.277 Thread 0x0000000002670800 Exception <a 'java/security/PrivilegedActionException'> (0x00000000eb4215f8) thrown at [C:\re\workspace\8-2-build-windows-amd64-cygwin\jdk8u101\7261\hotspot\src\share\vm\prims\jvm.cpp, line 1386]
Event: 0.279 Thread 0x0000000002670800 Exception <a 'java/security/PrivilegedActionException'> (0x00000000eb425240) thrown at [C:\re\workspace\8-2-build-windows-amd64-cygwin\jdk8u101\7261\hotspot\src\share\vm\prims\jvm.cpp, line 1386]
Event: 0.279 Thread 0x0000000002670800 Exception <a 'java/security/PrivilegedActionException'> (0x00000000eb425450) thrown at [C:\re\workspace\8-2-build-windows-amd64-cygwin\jdk8u101\7261\hotspot\src\share\vm\prims\jvm.cpp, line 1386]
Event: 0.319 Thread 0x0000000002670800 Exception <a 'java/io/FileNotFoundException'> (0x00000000eb42f190) thrown at [C:\re\workspace\8-2-build-windows-amd64-cygwin\jdk8u101\7261\hotspot\src\share\vm\prims\jni.cpp, line 709]

Events (10 events):
Event: 0.358 loading class java/lang/invoke/MethodHandleImpl$AsVarargsCollector
Event: 0.358 loading class java/lang/invoke/DelegatingMethodHandle
Event: 0.359 loading class java/lang/invoke/DelegatingMethodHandle done
Event: 0.359 loading class java/lang/invoke/MethodHandleImpl$AsVarargsCollector done
Event: 0.359 loading class java/lang/invoke/WrongMethodTypeException
Event: 0.359 loading class java/lang/invoke/WrongMethodTypeException done
Event: 0.363 loading class java/lang/invoke/MethodHandleImpl$Lazy
Event: 0.363 loading class java/lang/invoke/MethodHandleImpl$Lazy done
Event: 0.363 loading class java/lang/invoke/MethodHandleImpl$IntrinsicMethodHandle
Event: 0.363 loading class java/lang/invoke/MethodHandleImpl$IntrinsicMethodHandle done


Dynamic libraries:
0x00007ff64dbb0000 - 0x00007ff64dbe7000 	C:\Program Files\Java\jre1.8.0_101\bin\javaw.exe
0x00007ffe94a90000 - 0x00007ffe94c61000 	C:\WINDOWS\SYSTEM32\ntdll.dll
0x00007ffe94530000 - 0x00007ffe945dc000 	C:\WINDOWS\System32\KERNEL32.DLL
0x00007ffe917f0000 - 0x00007ffe91a0d000 	C:\WINDOWS\System32\KERNELBASE.dll
0x00007ffe93930000 - 0x00007ffe939d2000 	C:\WINDOWS\System32\ADVAPI32.dll
0x00007ffe94170000 - 0x00007ffe9420e000 	C:\WINDOWS\System32\msvcrt.dll
0x00007ffe94110000 - 0x00007ffe94169000 	C:\WINDOWS\System32\sechost.dll
0x00007ffe93f20000 - 0x00007ffe94041000 	C:\WINDOWS\System32\RPCRT4.dll
0x00007ffe94350000 - 0x00007ffe944b5000 	C:\WINDOWS\System32\USER32.dll
0x00007ffe917d0000 - 0x00007ffe917ee000 	C:\WINDOWS\System32\win32u.dll
0x00007ffe93570000 - 0x00007ffe935a4000 	C:\WINDOWS\System32\GDI32.dll
0x00007ffe90f60000 - 0x00007ffe910e2000 	C:\WINDOWS\System32\gdi32full.dll
0x00007ffe80940000 - 0x00007ffe80bba000 	C:\WINDOWS\WinSxS\amd64_microsoft.windows.common-controls_6595b64144ccf1df_6.0.14393.953_none_42151e83c686086b\COMCTL32.dll
0x00007ffe93a10000 - 0x00007ffe93cd8000 	C:\WINDOWS\System32\combase.dll
0x00007ffe91a10000 - 0x00007ffe91b05000 	C:\WINDOWS\System32\ucrtbase.dll
0x00007ffe91bc0000 - 0x00007ffe91c2a000 	C:\WINDOWS\System32\bcryptPrimitives.dll
0x00007ffe939e0000 - 0x00007ffe93a0e000 	C:\WINDOWS\System32\IMM32.DLL
0x000000005bfe0000 - 0x000000005c0b2000 	C:\Program Files\Java\jre1.8.0_101\bin\msvcr100.dll
0x000000005b740000 - 0x000000005bfda000 	C:\Program Files\Java\jre1.8.0_101\bin\server\jvm.dll
0x00007ffe937c0000 - 0x00007ffe937c8000 	C:\WINDOWS\System32\PSAPI.DLL
0x00007ffe8d9e0000 - 0x00007ffe8d9e9000 	C:\WINDOWS\SYSTEM32\WSOCK32.dll
0x00007ffe945e0000 - 0x00007ffe9464a000 	C:\WINDOWS\System32\WS2_32.dll
0x00007ffe8ed80000 - 0x00007ffe8eda3000 	C:\WINDOWS\SYSTEM32\WINMM.dll
0x00007ffe7bf20000 - 0x00007ffe7bf2a000 	C:\WINDOWS\SYSTEM32\VERSION.dll
0x00007ffe8ece0000 - 0x00007ffe8ed0b000 	C:\WINDOWS\SYSTEM32\WINMMBASE.dll
0x00007ffe91b10000 - 0x00007ffe91b52000 	C:\WINDOWS\System32\cfgmgr32.dll
0x000000005b730000 - 0x000000005b73f000 	C:\Program Files\Java\jre1.8.0_101\bin\verify.dll
0x000000005b700000 - 0x000000005b729000 	C:\Program Files\Java\jre1.8.0_101\bin\java.dll
0x000000005b6e0000 - 0x000000005b6f6000 	C:\Program Files\Java\jre1.8.0_101\bin\zip.dll
0x00007ffe92000000 - 0x00007ffe93508000 	C:\WINDOWS\System32\SHELL32.dll
0x00007ffe910f0000 - 0x00007ffe917ca000 	C:\WINDOWS\System32\windows.storage.dll
0x00007ffe90ef0000 - 0x00007ffe90f3c000 	C:\WINDOWS\System32\powrprof.dll
0x00007ffe93510000 - 0x00007ffe93562000 	C:\WINDOWS\System32\shlwapi.dll
0x00007ffe90ee0000 - 0x00007ffe90eef000 	C:\WINDOWS\System32\kernel.appcore.dll
0x00007ffe91ce0000 - 0x00007ffe91d89000 	C:\WINDOWS\System32\shcore.dll
0x00007ffe90f40000 - 0x00007ffe90f54000 	C:\WINDOWS\System32\profapi.dll
0x000000005c540000 - 0x000000005c6d8000 	C:\Program Files\Java\jre1.8.0_101\bin\awt.dll
0x00007ffe93e40000 - 0x00007ffe93eff000 	C:\WINDOWS\System32\OLEAUT32.dll
0x00007ffe91f60000 - 0x00007ffe91ffc000 	C:\WINDOWS\System32\msvcp_win.dll
0x00007ffe8f470000 - 0x00007ffe8f4ea000 	C:\WINDOWS\SYSTEM32\apphelp.dll

VM Arguments:
jvm_args: -Dfile.encoding=GBK 
java_command: TestChess
java_class_path (initial): C:\Users\Administrator\workspace\Chess\bin
Launcher Type: SUN_STANDARD

Environment Variables:
JAVA_HOME=C:\Program Files\Java\jdk1.8.0_101\jdk1.8.0_101
CLASSPATH=.;C:\Program Files\Java\jdk1.8.0_101\jdk1.8.0_101\lib\dt.jar;C:\Program Files\Java\jdk1.8.0_101\jdk1.8.0_101\lib\tools.jar;
PATH=E:\Python\Scripts\;E:\Python\;C:\Program Files\Java\jdk1.8.0_101\bin;C:\Program Files\Java\jdk1.8.0_101\jdk1.8.0_101\bin£ª;C:\Program Files\Java\jdk1.8.0_101\jdk1.8.0_101\jre\bin;D:\AndroidSource\android-sdk-windows\tools;C:\Windows\System32;D:\AndroidSource\android-sdk-windows\platform-tools;C:\WINDOWS\system32;C:\WINDOWS;C:\WINDOWS\System32\Wbem;C:\WINDOWS\System32\WindowsPowerShell\v1.0\;C:\WINDOWS\system32\config\systemprofile\.dnx\bin;C:\Program Files\Microsoft DNX\Dnvm\;C:\Program Files\Microsoft SQL Server\120\Tools\Binn\;C:\Program Files\Microsoft SQL Server\130\Tools\Binn\;C:\Program Files (x86)\Windows Kits\10\Windows Performance Toolkit\;C:\Users\Administrator\AppData\Local\Microsoft\WindowsApps
USERNAME=Administrator
OS=Windows_NT
PROCESSOR_IDENTIFIER=Intel64 Family 6 Model 61 Stepping 4, GenuineIntel



---------------  S Y S T E M  ---------------

OS: Windows 10.0 , 64 bit Build 14393 (10.0.14393.1198)

CPU:total 4 (2 cores per cpu, 2 threads per core) family 6 model 61 stepping 4, cmov, cx8, fxsr, mmx, sse, sse2, sse3, ssse3, sse4.1, sse4.2, popcnt, avx, avx2, aes, clmul, erms, 3dnowpref, lzcnt, ht, tsc, tscinvbit, bmi1, bmi2, adx

Memory: 4k page, physical 4091828k(815332k free), swap 16674740k(3856k free)

vm_info: Java HotSpot(TM) 64-Bit Server VM (25.101-b13) for windows-amd64 JRE (1.8.0_101-b13), built on Jun 22 2016 01:21:29 by "java_re" with MS VC++ 10.0 (VS2010)

time: Tue Jun 06 21:06:49 2017
elapsed time: 0 seconds (0d 0h 0m 0s)

