#
# There is insufficient memory for the Java Runtime Environment to continue.
# Native memory allocation (malloc) failed to allocate 1048576 bytes for AllocateHeap
# Possible reasons:
#   The system is out of physical RAM or swap space
#   In 32 bit mode, the process size limit was hit
# Possible solutions:
#   Reduce memory load on the system
#   Increase physical memory or swap space
#   Check if swap backing store is full
#   Use 64 bit Java on a 64 bit OS
#   Decrease Java heap size (-Xmx/-Xms)
#   Decrease number of Java threads
#   Decrease Java thread stack sizes (-Xss)
#   Set larger code cache with -XX:ReservedCodeCacheSize=
# This output file may be truncated or incomplete.
#
#  Out of Memory Error (memory/allocation.inline.hpp:61), pid=16492, tid=0x0000000000003f08
#
# JRE version:  (8.0_101-b13) (build )
# Java VM: Java HotSpot(TM) 64-Bit Server VM (25.101-b13 mixed mode windows-amd64 compressed oops)
# Failed to write core dump. Minidumps are not enabled by default on client versions of Windows
#

---------------  T H R E A D  ---------------

Current thread (0x00000000029c0800):  JavaThread "Unknown thread" [_thread_in_vm, id=16136, stack(0x0000000002840000,0x0000000002940000)]

Stack: [0x0000000002840000,0x0000000002940000]
[error occurred during error reporting (printing stack bounds), id 0xc0000005]

Native frames: (J=compiled Java code, j=interpreted, Vv=VM code, C=native code)


---------------  P R O C E S S  ---------------

Java Threads: ( => current thread )

Other Threads:

=>0x00000000029c0800 (exited) JavaThread "Unknown thread" [_thread_in_vm, id=16136, stack(0x0000000002840000,0x0000000002940000)]

VM state:not at safepoint (normal execution)

VM Mutex/Monitor currently owned by a thread: None

Heap:
 PSYoungGen      total 18944K, used 327K [0x00000000eb300000, 0x00000000ec800000, 0x0000000100000000)
  eden space 16384K, 2% used [0x00000000eb300000,0x00000000eb351ec8,0x00000000ec300000)
  from space 2560K, 0% used [0x00000000ec580000,0x00000000ec580000,0x00000000ec800000)
  to   space 2560K, 0% used [0x00000000ec300000,0x00000000ec300000,0x00000000ec580000)
 ParOldGen       total 44032K, used 0K [0x00000000c1800000, 0x00000000c4300000, 0x00000000eb300000)
  object space 44032K, 0% used [0x00000000c1800000,0x00000000c1800000,0x00000000c4300000)
 Metaspace       used 746K, capacity 4480K, committed 4480K, reserved 1056768K
  class space    used 75K, capacity 384K, committed 384K, reserved 1048576K

Card table byte_map: [0x0000000011e80000,0x0000000012080000] byte_map_base: 0x0000000011874000

Marking Bits: (ParMarkBitMap*) 0x000000005bf5a6d0
 Begin Bits: [0x00000000125d0000, 0x0000000013570000)
 End Bits:   [0x0000000013570000, 0x0000000014510000)

Polling page: 0x0000000000cb0000

CodeCache: size=245760Kb used=328Kb max_used=328Kb free=245431Kb
 bounds [0x0000000002ac0000, 0x0000000002d30000, 0x0000000011ac0000]
 total_blobs=58 nmethods=0 adapters=38
 compilation: enabled

Compilation events (0 events):
No events

GC Heap History (0 events):
No events

Deoptimization events (0 events):
No events

Internal exceptions (0 events):
No events

Events (10 events):
Event: 0.097 loading class java/lang/Short
Event: 0.097 loading class java/lang/Short done
Event: 0.097 loading class java/lang/Integer
Event: 0.097 loading class java/lang/Integer done
Event: 0.097 loading class java/lang/Long
Event: 0.097 loading class java/lang/Long done
Event: 0.099 loading class java/lang/NullPointerException
Event: 0.099 loading class java/lang/NullPointerException done
Event: 0.099 loading class java/lang/ArithmeticException
Event: 0.099 loading class java/lang/ArithmeticException done


Dynamic libraries:
0x00007ff64dbb0000 - 0x00007ff64dbe7000 	C:\Program Files\Java\jre1.8.0_101\bin\javaw.exe
0x00007ffe94a90000 - 0x00007ffe94c61000 	C:\WINDOWS\SYSTEM32\ntdll.dll
0x00007ffe94530000 - 0x00007ffe945dc000 	C:\WINDOWS\System32\KERNEL32.DLL
0x00007ffe917f0000 - 0x00007ffe91a0d000 	C:\WINDOWS\System32\KERNELBASE.dll
0x00007ffe93930000 - 0x00007ffe939d2000 	C:\WINDOWS\System32\ADVAPI32.dll
0x00007ffe94170000 - 0x00007ffe9420e000 	C:\WINDOWS\System32\msvcrt.dll
0x00007ffe94110000 - 0x00007ffe94169000 	C:\WINDOWS\System32\sechost.dll
0x00007ffe93f20000 - 0x00007ffe94041000 	C:\WINDOWS\System32\RPCRT4.dll
0x00007ffe94350000 - 0x00007ffe944b5000 	C:\WINDOWS\System32\USER32.dll
0x00007ffe917d0000 - 0x00007ffe917ee000 	C:\WINDOWS\System32\win32u.dll
0x00007ffe93570000 - 0x00007ffe935a4000 	C:\WINDOWS\System32\GDI32.dll
0x00007ffe90f60000 - 0x00007ffe910e2000 	C:\WINDOWS\System32\gdi32full.dll
0x00007ffe80940000 - 0x00007ffe80bba000 	C:\WINDOWS\WinSxS\amd64_microsoft.windows.common-controls_6595b64144ccf1df_6.0.14393.953_none_42151e83c686086b\COMCTL32.dll
0x00007ffe93a10000 - 0x00007ffe93cd8000 	C:\WINDOWS\System32\combase.dll
0x00007ffe91a10000 - 0x00007ffe91b05000 	C:\WINDOWS\System32\ucrtbase.dll
0x00007ffe91bc0000 - 0x00007ffe91c2a000 	C:\WINDOWS\System32\bcryptPrimitives.dll
0x00007ffe939e0000 - 0x00007ffe93a0e000 	C:\WINDOWS\System32\IMM32.DLL
0x000000005bfe0000 - 0x000000005c0b2000 	C:\Program Files\Java\jre1.8.0_101\bin\msvcr100.dll
0x000000005b740000 - 0x000000005bfda000 	C:\Program Files\Java\jre1.8.0_101\bin\server\jvm.dll
0x00007ffe937c0000 - 0x00007ffe937c8000 	C:\WINDOWS\System32\PSAPI.DLL
0x00007ffe8ed80000 - 0x00007ffe8eda3000 	C:\WINDOWS\SYSTEM32\WINMM.dll
0x00007ffe7bf20000 - 0x00007ffe7bf2a000 	C:\WINDOWS\SYSTEM32\VERSION.dll
0x00007ffe8d9e0000 - 0x00007ffe8d9e9000 	C:\WINDOWS\SYSTEM32\WSOCK32.dll
0x00007ffe945e0000 - 0x00007ffe9464a000 	C:\WINDOWS\System32\WS2_32.dll
0x0000000000c80000 - 0x0000000000cab000 	C:\WINDOWS\SYSTEM32\WINMMBASE.dll
0x00007ffe91b10000 - 0x00007ffe91b52000 	C:\WINDOWS\System32\cfgmgr32.dll
0x000000005b730000 - 0x000000005b73f000 	C:\Program Files\Java\jre1.8.0_101\bin\verify.dll
0x000000005b700000 - 0x000000005b729000 	C:\Program Files\Java\jre1.8.0_101\bin\java.dll
0x000000005b6e0000 - 0x000000005b6f6000 	C:\Program Files\Java\jre1.8.0_101\bin\zip.dll

VM Arguments:
jvm_args: -Dfile.encoding=GBK 
java_command: TestChess
java_class_path (initial): C:\Users\Administrator\workspace\Chess\bin
Launcher Type: SUN_STANDARD

Environment Variables:
JAVA_HOME=C:\Program Files\Java\jdk1.8.0_101\jdk1.8.0_101
CLASSPATH=.;C:\Program Files\Java\jdk1.8.0_101\jdk1.8.0_101\lib\dt.jar;C:\Program Files\Java\jdk1.8.0_101\jdk1.8.0_101\lib\tools.jar;
PATH=E:\Python\Scripts\;E:\Python\;C:\Program Files\Java\jdk1.8.0_101\bin;C:\Program Files\Java\jdk1.8.0_101\jdk1.8.0_101\bin£»;C:\Program Files\Java\jdk1.8.0_101\jdk1.8.0_101\jre\bin;D:\AndroidSource\android-sdk-windows\tools;C:\Windows\System32;D:\AndroidSource\android-sdk-windows\platform-tools;C:\WINDOWS\system32;C:\WINDOWS;C:\WINDOWS\System32\Wbem;C:\WINDOWS\System32\WindowsPowerShell\v1.0\;C:\WINDOWS\system32\config\systemprofile\.dnx\bin;C:\Program Files\Microsoft DNX\Dnvm\;C:\Program Files\Microsoft SQL Server\120\Tools\Binn\;C:\Program Files\Microsoft SQL Server\130\Tools\Binn\;C:\Program Files (x86)\Windows Kits\10\Windows Performance Toolkit\;C:\Users\Administrator\AppData\Local\Microsoft\WindowsApps
USERNAME=Administrator
OS=Windows_NT
PROCESSOR_IDENTIFIER=Intel64 Family 6 Model 61 Stepping 4, GenuineIntel



---------------  S Y S T E M  ---------------

OS: Windows 10.0 , 64 bit Build 14393 (10.0.14393.1198)

CPU:total 4 (2 cores per cpu, 2 threads per core) family 6 model 61 stepping 4, cmov, cx8, fxsr, mmx, sse, sse2, sse3, ssse3, sse4.1, sse4.2, popcnt, avx, avx2, aes, clmul, erms, 3dnowpref, lzcnt, ht, tsc, tscinvbit, bmi1, bmi2, adx

Memory: 4k page, physical 4091828k(855108k free), swap 16674740k(5480k free)

vm_info: Java HotSpot(TM) 64-Bit Server VM (25.101-b13) for windows-amd64 JRE (1.8.0_101-b13), built on Jun 22 2016 01:21:29 by "java_re" with MS VC++ 10.0 (VS2010)

time: Tue Jun 06 21:05:06 2017
elapsed time: 0 seconds (0d 0h 0m 0s)

